
9월 09, 2016 21:06:17.53 NEW SESSION
9월 09, 2016 21:06:17.53 [4348:7320:0909/210617:ERROR:get_updates_processor.cc(250)] PostClientToServerMessage() failed during GetUpdates
9월 09, 2016 21:06:17.60 [4348:8704:0909/210617:ERROR:gcm_channel_status_request.cc(89)] GCM channel request failed.
9월 09, 2016 21:06:19.38 [4348:7164:0909/210619:ERROR:connection_factory_impl.cc(369)] Failed to connect to MCS endpoint with error -106
9월 09, 2016 21:06:39.95 [4348:8704:0909/210639:ERROR:gcm_channel_status_request.cc(89)] GCM channel request failed.
9월 09, 2016 21:06:44.06 [4348:7164:0909/210644:ERROR:connection_factory_impl.cc(369)] Failed to connect to MCS endpoint with error -106
9월 09, 2016 21:07:02.60 [4348:7320:0909/210702:ERROR:get_updates_processor.cc(250)] PostClientToServerMessage() failed during GetUpdates
9월 09, 2016 21:07:37.15 [4348:8704:0909/210737:ERROR:gcm_channel_status_request.cc(89)] GCM channel request failed.
9월 09, 2016 21:07:37.50 [4348:7164:0909/210737:ERROR:connection_factory_impl.cc(369)] Failed to connect to MCS endpoint with error -106
9월 09, 2016 21:08:10.68 [4348:7320:0909/210810:ERROR:get_updates_processor.cc(250)] PostClientToServerMessage() failed during GetUpdates
9월 09, 2016 21:09:19.24 [4348:7164:0909/210919:ERROR:connection_factory_impl.cc(369)] Failed to connect to MCS endpoint with error -106
9월 09, 2016 21:09:21.12 [4348:8704:0909/210921:ERROR:gcm_channel_status_request.cc(89)] GCM channel request failed.
9월 09, 2016 21:11:00.77 [4348:7320:0909/211100:ERROR:get_updates_processor.cc(250)] PostClientToServerMessage() failed during GetUpdates
9월 09, 2016 21:13:09.67 [4348:8704:0909/211309:ERROR:gcm_channel_status_request.cc(89)] GCM channel request failed.
9월 09, 2016 21:13:17.56 [4348:7164:0909/211317:ERROR:connection_factory_impl.cc(369)] Failed to connect to MCS endpoint with error -106
9월 09, 2016 21:18:05.85 [4348:7320:0909/211805:ERROR:get_updates_processor.cc(250)] PostClientToServerMessage() failed during GetUpdates
9월 09, 2016 21:18:43.38 [4348:7164:0909/211843:ERROR:connection_factory_impl.cc(369)] Failed to connect to MCS endpoint with error -106
9월 09, 2016 21:19:26.37 [4348:8704:0909/211926:ERROR:gcm_channel_status_request.cc(89)] GCM channel request failed.
9월 09, 2016 21:28:05.94 [4348:7320:0909/212805:ERROR:get_updates_processor.cc(250)] PostClientToServerMessage() failed during GetUpdates
9월 09, 2016 21:28:43.39 [4348:7164:0909/212843:ERROR:connection_factory_impl.cc(369)] Failed to connect to MCS endpoint with error -106
9월 09, 2016 21:29:26.46 [4348:8704:0909/212926:ERROR:gcm_channel_status_request.cc(89)] GCM channel request failed.
9월 09, 2016 21:38:06.03 [4348:7320:0909/213806:ERROR:get_updates_processor.cc(250)] PostClientToServerMessage() failed during GetUpdates
9월 09, 2016 21:38:43.40 [4348:7164:0909/213843:ERROR:connection_factory_impl.cc(369)] Failed to connect to MCS endpoint with error -106
9월 09, 2016 21:39:26.55 [4348:8704:0909/213926:ERROR:gcm_channel_status_request.cc(89)] GCM channel request failed.
9월 09, 2016 21:48:06.12 [4348:7320:0909/214806:ERROR:get_updates_processor.cc(250)] PostClientToServerMessage() failed during GetUpdates
9월 09, 2016 21:48:43.41 [4348:7164:0909/214843:ERROR:connection_factory_impl.cc(369)] Failed to connect to MCS endpoint with error -106
9월 09, 2016 21:49:26.64 [4348:8704:0909/214926:ERROR:gcm_channel_status_request.cc(89)] GCM channel request failed.
9월 09, 2016 21:58:06.21 [4348:7320:0909/215806:ERROR:get_updates_processor.cc(250)] PostClientToServerMessage() failed during GetUpdates
9월 09, 2016 21:58:43.41 [4348:7164:0909/215843:ERROR:connection_factory_impl.cc(369)] Failed to connect to MCS endpoint with error -106
9월 09, 2016 21:59:26.73 [4348:8704:0909/215926:ERROR:gcm_channel_status_request.cc(89)] GCM channel request failed.
9월 09, 2016 22:08:06.30 [4348:7320:0909/220806:ERROR:get_updates_processor.cc(250)] PostClientToServerMessage() failed during GetUpdates
9월 09, 2016 22:08:43.42 [4348:7164:0909/220843:ERROR:connection_factory_impl.cc(369)] Failed to connect to MCS endpoint with error -106
9월 09, 2016 22:09:26.82 [4348:8704:0909/220926:ERROR:gcm_channel_status_request.cc(89)] GCM channel request failed.
9월 09, 2016 22:18:06.39 [4348:7320:0909/221806:ERROR:get_updates_processor.cc(250)] PostClientToServerMessage() failed during GetUpdates
9월 09, 2016 22:18:43.43 [4348:7164:0909/221843:ERROR:connection_factory_impl.cc(369)] Failed to connect to MCS endpoint with error -106
9월 09, 2016 22:19:26.91 [4348:8704:0909/221926:ERROR:gcm_channel_status_request.cc(89)] GCM channel request failed.
9월 09, 2016 22:28:06.48 [4348:7320:0909/222806:ERROR:get_updates_processor.cc(250)] PostClientToServerMessage() failed during GetUpdates
9월 09, 2016 22:28:43.44 [4348:7164:0909/222843:ERROR:connection_factory_impl.cc(369)] Failed to connect to MCS endpoint with error -106
9월 09, 2016 22:29:26.99 [4348:8704:0909/222926:ERROR:gcm_channel_status_request.cc(89)] GCM channel request failed.
9월 09, 2016 22:38:06.57 [4348:7320:0909/223806:ERROR:get_updates_processor.cc(250)] PostClientToServerMessage() failed during GetUpdates
9월 09, 2016 22:38:43.45 [4348:7164:0909/223843:ERROR:connection_factory_impl.cc(369)] Failed to connect to MCS endpoint with error -106
9월 09, 2016 22:39:27.08 [4348:8704:0909/223927:ERROR:gcm_channel_status_request.cc(89)] GCM channel request failed.
9월 09, 2016 22:48:06.66 [4348:7320:0909/224806:ERROR:get_updates_processor.cc(250)] PostClientToServerMessage() failed during GetUpdates
9월 09, 2016 22:48:43.46 [4348:7164:0909/224843:ERROR:connection_factory_impl.cc(369)] Failed to connect to MCS endpoint with error -106
9월 09, 2016 22:49:27.17 [4348:8704:0909/224927:ERROR:gcm_channel_status_request.cc(89)] GCM channel request failed.
9월 10, 2016 04:54:11.68 [4348:7320:0910/045411:ERROR:get_updates_processor.cc(250)] PostClientToServerMessage() failed during GetUpdates
9월 10, 2016 04:54:11.76 [4348:7164:0910/045411:ERROR:connection_factory_impl.cc(369)] Failed to connect to MCS endpoint with error -106
9월 10, 2016 04:54:12.29 [4348:8704:0910/045412:ERROR:gcm_channel_status_request.cc(89)] GCM channel request failed.
9월 10, 2016 16:13:10.53 [4348:7320:0910/161310:ERROR:get_updates_processor.cc(250)] PostClientToServerMessage() failed during GetUpdates
9월 10, 2016 16:13:12.16 [4348:7164:0910/161310:ERROR:connection_factory_impl.cc(369)] Failed to connect to MCS endpoint with error -106
9월 10, 2016 16:13:12.16 [4348:8704:0910/161310:ERROR:gcm_channel_status_request.cc(89)] GCM channel request failed.
9월 10, 2016 16:13:48.37 [4348:8704:0910/161348:ERROR:account_info_fetcher.cc(58)] OnGetTokenFailure: Connection failed (-106).
9월 10, 2016 16:17:27.80 [4348:7164:0910/161727:ERROR:connection_factory_impl.cc(369)] Failed to connect to MCS endpoint with error -21
9월 11, 2016 02:40:00.69 [4348:7164:0911/024000:ERROR:socket_stream.cc(210)] Closing stream with result -101
9월 11, 2016 02:40:00.70 [4348:7320:0911/024000:ERROR:get_updates_processor.cc(250)] PostClientToServerMessage() failed during GetUpdates
9월 11, 2016 02:40:00.92 [4348:7164:0911/024000:ERROR:connection_factory_impl.cc(369)] Failed to connect to MCS endpoint with error -21
9월 11, 2016 02:40:00.92 [4348:7320:0911/024000:ERROR:get_updates_processor.cc(250)] PostClientToServerMessage() failed during GetUpdates
9월 11, 2016 02:40:02.82 [4348:8704:0911/024002:ERROR:gcm_channel_status_request.cc(89)] GCM channel request failed.
9월 11, 2016 02:40:02.82 [4348:7320:0911/024002:ERROR:get_updates_processor.cc(250)] PostClientToServerMessage() failed during GetUpdates
9월 12, 2016 09:16:31.33 [4348:7164:0912/091631:ERROR:checkin_request.cc(179)] Failed to get checkin response. Fetcher failed. Retrying.
9월 12, 2016 09:16:31.40 [4348:7320:0912/091631:ERROR:get_updates_processor.cc(250)] PostClientToServerMessage() failed during GetUpdates
9월 12, 2016 09:16:31.40 [4348:7320:0912/091631:ERROR:get_updates_processor.cc(250)] PostClientToServerMessage() failed during GetUpdates
9월 12, 2016 09:16:31.40 [4348:8704:0912/091631:ERROR:gcm_channel_status_request.cc(89)] GCM channel request failed.
9월 12, 2016 10:04:05.36 [libprotobuf ERROR c:\b\build\slave\win64\build\src\third_party\protobuf\src\google\protobuf\message_lite.cc:118] Can't parse message of type "safe_browsing.ClientDownloadResponse" because it is missing required fields: (cannot determine missing fields for lite message)
9월 12, 2016 13:49:43.44 [4348:7164:0912/134943:ERROR:connection_factory_impl.cc(369)] Failed to connect to MCS endpoint with error -106
9월 12, 2016 14:08:01.55 [4348:7164:0912/140801:ERROR:connection_factory_impl.cc(369)] Failed to connect to MCS endpoint with error -106
9월 12, 2016 14:08:02.86 [4348:8704:0912/140801:ERROR:gcm_channel_status_request.cc(89)] GCM channel request failed.

9월 20, 2016 12:26:03.62 NEW SESSION
9월 20, 2016 12:26:03.62 [7472:6992:0920/122603:ERROR:connection_factory_impl.cc(369)] Failed to connect to MCS endpoint with error -21

9월 21, 2016 17:41:18.32 NEW SESSION
9월 21, 2016 17:41:18.32 [8096:8100:0921/174118:ERROR:connection_factory_impl.cc(369)] Failed to connect to MCS endpoint with error -106
9월 21, 2016 17:41:41.33 [8096:8100:0921/174141:ERROR:connection_factory_impl.cc(369)] Failed to connect to MCS endpoint with error -106
9월 21, 2016 17:42:27.89 [8096:8100:0921/174227:ERROR:connection_factory_impl.cc(369)] Failed to connect to MCS endpoint with error -106
9월 21, 2016 17:44:14.43 [8096:8100:0921/174414:ERROR:connection_factory_impl.cc(369)] Failed to connect to MCS endpoint with error -106
9월 21, 2016 17:46:09.62 [8096:8100:0921/174609:ERROR:connection_factory_impl.cc(369)] Failed to connect to MCS endpoint with error -21

9월 30, 2016 09:34:05.28 NEW SESSION
9월 30, 2016 09:34:05.28 [7056:8776:0930/093405:ERROR:connection_factory_impl.cc(369)] Failed to connect to MCS endpoint with error -21
9월 30, 2016 09:34:21.99 [7056:8776:0930/093421:ERROR:connection_factory_impl.cc(369)] Failed to connect to MCS endpoint with error -21
9월 30, 2016 09:34:24.17 [7056:8776:0930/093424:ERROR:connection_factory_impl.cc(369)] Failed to connect to MCS endpoint with error -106
9월 30, 2016 09:34:36.85 [7056:8776:0930/093436:ERROR:connection_factory_impl.cc(369)] Failed to connect to MCS endpoint with error -105
9월 30, 2016 09:34:44.32 [7056:8776:0930/093444:ERROR:connection_factory_impl.cc(369)] Failed to connect to MCS endpoint with error -106
9월 30, 2016 09:34:58.25 [7056:8776:0930/093458:ERROR:connection_factory_impl.cc(369)] Failed to connect to MCS endpoint with error -21
9월 30, 2016 14:04:15.78 [7056:8776:0930/140415:ERROR:connection_factory_impl.cc(369)] Failed to connect to MCS endpoint with error -21

9월 30, 2016 20:34:53.20 NEW SESSION
9월 30, 2016 20:34:53.20 [1308:7236:0930/203453:ERROR:connection_factory_impl.cc(369)] Failed to connect to MCS endpoint with error -105
9월 30, 2016 20:35:16.64 [1308:7236:0930/203516:ERROR:connection_factory_impl.cc(369)] Failed to connect to MCS endpoint with error -105
9월 30, 2016 20:35:49.98 [1308:5588:0930/203549:ERROR:account_tracker.cc(357)] OnGetTokenFailure: Connection failed (-105).
9월 30, 2016 20:35:49.98 [1308:5588:0930/203549:ERROR:account_tracker.cc(357)] OnGetTokenFailure: Connection failed (-105).
9월 30, 2016 20:36:10.97 [1308:7236:0930/203610:ERROR:connection_factory_impl.cc(369)] Failed to connect to MCS endpoint with error -105

10월 10, 2016 13:50:41.45 NEW SESSION
10월 10, 2016 13:50:41.45 [3356:10376:1010/135041:ERROR:connection_factory_impl.cc(369)] Failed to connect to MCS endpoint with error -106
10월 10, 2016 20:20:13.67 [3356:10376:1010/202013:ERROR:connection_factory_impl.cc(369)] Failed to connect to MCS endpoint with error -106
10월 11, 2016 24:19:56.07 [3356:8376:1011/001956:ERROR:get_updates_processor.cc(250)] PostClientToServerMessage() failed during GetUpdates
10월 11, 2016 24:19:56.75 [3356:10428:1011/001956:ERROR:gcm_channel_status_request.cc(89)] GCM channel request failed.
10월 11, 2016 24:19:57.06 [3356:8376:1011/001957:ERROR:get_updates_processor.cc(250)] PostClientToServerMessage() failed during GetUpdates
10월 11, 2016 24:19:58.14 [3356:10376:1011/001958:ERROR:connection_factory_impl.cc(369)] Failed to connect to MCS endpoint with error -106
10월 11, 2016 08:50:28.08 [3356:10428:1011/085028:ERROR:gcm_channel_status_request.cc(89)] GCM channel request failed.
10월 11, 2016 08:50:31.79 [3356:10376:1011/085031:ERROR:connection_factory_impl.cc(369)] Failed to connect to MCS endpoint with error -21

10월 13, 2016 18:11:51.05 NEW SESSION
10월 13, 2016 18:11:51.05 [4720:6716:1013/181151:ERROR:backend_impl.cc(1033)] Critical error found -8
10월 13, 2016 18:11:51.05 [4720:6716:1013/181151:ERROR:entry_impl.cc(1035)] No file for b302042c

10월 13, 2016 18:55:41.08 NEW SESSION
10월 13, 2016 18:55:41.08 [5712:632:1013/185541:ERROR:backend_impl.cc(1033)] Critical error found -8
10월 13, 2016 18:55:41.09 [5712:632:1013/185541:ERROR:entry_impl.cc(960)] Failed to save user data
10월 13, 2016 18:55:41.09 [5712:632:1013/185541:ERROR:entry_impl.cc(960)] Failed to save user data

10월 18, 2016 03:14:39.76 NEW SESSION
10월 18, 2016 03:14:39.76 [80:384:1018/031439:ERROR:gcm_channel_status_request.cc(89)] GCM channel request failed.
10월 18, 2016 03:14:40.83 [80:1400:1018/031439:ERROR:socket_stream.cc(210)] Closing stream with result -101
10월 18, 2016 03:14:40.83 [80:1400:1018/031439:ERROR:connection_factory_impl.cc(369)] Failed to connect to MCS endpoint with error -21
10월 18, 2016 03:14:40.84 [80:352:1018/031439:ERROR:get_updates_processor.cc(250)] PostClientToServerMessage() failed during GetUpdates
10월 18, 2016 03:14:40.96 [80:352:1018/031440:ERROR:get_updates_processor.cc(250)] PostClientToServerMessage() failed during GetUpdates
10월 18, 2016 03:14:43.68 [80:1400:1018/031443:ERROR:connection_factory_impl.cc(369)] Failed to connect to MCS endpoint with error -105
10월 18, 2016 09:12:31.75 [80:352:1018/091231:ERROR:get_updates_processor.cc(250)] PostClientToServerMessage() failed during GetUpdates
10월 18, 2016 09:12:32.59 [80:384:1018/091232:ERROR:gcm_channel_status_request.cc(89)] GCM channel request failed.
10월 18, 2016 09:12:38.26 [80:1400:1018/091238:ERROR:connection_factory_impl.cc(369)] Failed to connect to MCS endpoint with error -21
10월 18, 2016 14:27:58.69 [5448:7432:1018/142758:ERROR:gcm_channel_status_request.cc(89)] GCM channel request failed.
10월 18, 2016 14:28:01.01 [5448:8032:1018/142801:ERROR:connection_factory_impl.cc(369)] Failed to connect to MCS endpoint with error -106
